<?xml version="1.0" encoding="UTF-8"?>
<testng-results skipped="0" failed="0" total="0" passed="0">
  <reporter-output>
  </reporter-output>
  <suite name="GooglesearchWebdriver" duration-ms="10" started-at="2015-11-10T03:35:02Z" finished-at="2015-11-10T03:35:02Z">
    <groups>
    </groups>
    <test name="Command line test" duration-ms="10" started-at="2015-11-10T03:35:02Z" finished-at="2015-11-10T03:35:02Z">
    </test> <!-- Command line test -->
  </suite> <!-- GooglesearchWebdriver -->
</testng-results>
